{"level":"info","message":"Bid Ended Winner is-sagar.mane@sjsu.edu timestamp:Thu Nov 10 2016 21:29:33 GMT-0800 (Pacific Standard Time)","timestamp":"2016-11-11T05:29:33.584Z"}
{"level":"info","message":"bidding cron job executing- timestamp:Sun Nov 06 2016 21:32:54 GMT-0800 (Pacific Standard Time)","timestamp":"2016-11-07T05:32:54.304Z"}
{"level":"info","message":"bidding cron job executing- timestamp:Sun Nov 06 2016 21:33:04 GMT-0800 (Pacific Standard Time)","timestamp":"2016-11-07T05:33:04.337Z"}
{"level":"info","message":"bidding cron job executing- timestamp:Sun Nov 06 2016 21:33:14 GMT-0800 (Pacific Standard Time)","timestamp":"2016-11-07T05:33:14.346Z"}
{"level":"info","message":"bidding cron job executing- timestamp:Sun Nov 06 2016 21:33:24 GMT-0800 (Pacific Standard Time)","timestamp":"2016-11-07T05:33:24.348Z"}
{"level":"info","message":"bidding cron job executing- timestamp:Sun Nov 06 2016 21:33:34 GMT-0800 (Pacific Standard Time)","timestamp":"2016-11-07T05:33:34.355Z"}
{"level":"info","message":"bidding cron job executing- timestamp:Sun Nov 06 2016 21:33:44 GMT-0800 (Pacific Standard Time)","timestamp":"2016-11-07T05:33:44.361Z"}
{"level":"info","message":"bidding cron job executing- timestamp:Sun Nov 06 2016 21:33:54 GMT-0800 (Pacific Standard Time)","timestamp":"2016-11-07T05:33:54.365Z"}
{"level":"info","message":"bidding cron job executing- timestamp:Sun Nov 06 2016 21:34:04 GMT-0800 (Pacific Standard Time)","timestamp":"2016-11-07T05:34:04.375Z"}
{"level":"info","message":"bidding cron job executing- timestamp:Sun Nov 06 2016 21:34:14 GMT-0800 (Pacific Standard Time)","timestamp":"2016-11-07T05:34:14.379Z"}
{"level":"info","message":"bidding cron job executing- timestamp:Sun Nov 06 2016 21:34:24 GMT-0800 (Pacific Standard Time)","timestamp":"2016-11-07T05:34:24.382Z"}
{"level":"info","message":"bidding cron job executing- timestamp:Sun Nov 06 2016 21:34:34 GMT-0800 (Pacific Standard Time)","timestamp":"2016-11-07T05:34:34.386Z"}
{"level":"info","message":"bidding cron job executing- timestamp:Sun Nov 06 2016 21:34:44 GMT-0800 (Pacific Standard Time)","timestamp":"2016-11-07T05:34:44.392Z"}
{"level":"info","message":"bidding cron job executing- timestamp:Sun Nov 06 2016 21:34:54 GMT-0800 (Pacific Standard Time)","timestamp":"2016-11-07T05:34:54.402Z"}
{"level":"info","message":"bidding cron job executing- timestamp:Sun Nov 06 2016 21:35:04 GMT-0800 (Pacific Standard Time)","timestamp":"2016-11-07T05:35:04.406Z"}
{"level":"info","message":"bidding cron job executing- timestamp:Sun Nov 06 2016 21:35:14 GMT-0800 (Pacific Standard Time)","timestamp":"2016-11-07T05:35:14.415Z"}
{"level":"info","message":"bidding cron job executing- timestamp:Sun Nov 06 2016 21:35:24 GMT-0800 (Pacific Standard Time)","timestamp":"2016-11-07T05:35:24.422Z"}
{"level":"info","message":"bidding cron job executing- timestamp:Sun Nov 06 2016 21:35:34 GMT-0800 (Pacific Standard Time)","timestamp":"2016-11-07T05:35:34.426Z"}
{"level":"info","message":"bidding cron job executing- timestamp:Sun Nov 06 2016 21:35:44 GMT-0800 (Pacific Standard Time)","timestamp":"2016-11-07T05:35:44.429Z"}
{"level":"info","message":"bidding cron job executing- timestamp:Sun Nov 06 2016 21:35:54 GMT-0800 (Pacific Standard Time)","timestamp":"2016-11-07T05:35:54.433Z"}
{"level":"info","message":"bidding cron job executing- timestamp:Sun Nov 06 2016 21:36:04 GMT-0800 (Pacific Standard Time)","timestamp":"2016-11-07T05:36:04.444Z"}
{"level":"info","message":"bidding cron job executing- timestamp:Sun Nov 06 2016 21:36:14 GMT-0800 (Pacific Standard Time)","timestamp":"2016-11-07T05:36:14.450Z"}
{"level":"info","message":"bidding cron job executing- timestamp:Sun Nov 06 2016 21:36:24 GMT-0800 (Pacific Standard Time)","timestamp":"2016-11-07T05:36:24.454Z"}
{"level":"info","message":"bidding cron job executing- timestamp:Sun Nov 06 2016 21:36:34 GMT-0800 (Pacific Standard Time)","timestamp":"2016-11-07T05:36:34.458Z"}
{"level":"info","message":"bidding cron job executing- timestamp:Sun Nov 06 2016 21:36:44 GMT-0800 (Pacific Standard Time)","timestamp":"2016-11-07T05:36:44.487Z"}
{"level":"info","message":"bidding cron job executing- timestamp:Sun Nov 06 2016 21:36:54 GMT-0800 (Pacific Standard Time)","timestamp":"2016-11-07T05:36:54.491Z"}
{"level":"info","message":"bidding cron job executing- timestamp:Sun Nov 06 2016 21:37:04 GMT-0800 (Pacific Standard Time)","timestamp":"2016-11-07T05:37:04.497Z"}
{"level":"info","message":"bidding cron job executing- timestamp:Sun Nov 06 2016 21:37:14 GMT-0800 (Pacific Standard Time)","timestamp":"2016-11-07T05:37:14.499Z"}
{"level":"info","message":"bidding cron job executing- timestamp:Sun Nov 06 2016 21:37:24 GMT-0800 (Pacific Standard Time)","timestamp":"2016-11-07T05:37:24.504Z"}
{"level":"info","message":"bidding cron job executing- timestamp:Sun Nov 06 2016 21:37:34 GMT-0800 (Pacific Standard Time)","timestamp":"2016-11-07T05:37:34.508Z"}
{"level":"info","message":"bidding cron job executing- timestamp:Sun Nov 06 2016 21:37:44 GMT-0800 (Pacific Standard Time)","timestamp":"2016-11-07T05:37:44.511Z"}
{"level":"info","message":"bidding cron job executing- timestamp:Sun Nov 06 2016 21:37:54 GMT-0800 (Pacific Standard Time)","timestamp":"2016-11-07T05:37:54.514Z"}
{"level":"info","message":"bidding cron job executing- timestamp:Sun Nov 06 2016 21:38:04 GMT-0800 (Pacific Standard Time)","timestamp":"2016-11-07T05:38:04.520Z"}
{"level":"info","message":"bidding cron job executing- timestamp:Sun Nov 06 2016 21:38:14 GMT-0800 (Pacific Standard Time)","timestamp":"2016-11-07T05:38:14.528Z"}
{"level":"info","message":"bidding cron job executing- timestamp:Sun Nov 06 2016 21:38:24 GMT-0800 (Pacific Standard Time)","timestamp":"2016-11-07T05:38:24.535Z"}
{"level":"info","message":"bidding cron job executing- timestamp:Sun Nov 06 2016 21:38:34 GMT-0800 (Pacific Standard Time)","timestamp":"2016-11-07T05:38:34.538Z"}
{"level":"info","message":"bidding cron job executing- timestamp:Sun Nov 06 2016 21:38:44 GMT-0800 (Pacific Standard Time)","timestamp":"2016-11-07T05:38:44.543Z"}
{"level":"info","message":"bidding cron job executing- timestamp:Sun Nov 06 2016 21:38:54 GMT-0800 (Pacific Standard Time)","timestamp":"2016-11-07T05:38:54.550Z"}
{"level":"info","message":"bidding cron job executing- timestamp:Sun Nov 06 2016 21:39:04 GMT-0800 (Pacific Standard Time)","timestamp":"2016-11-07T05:39:04.556Z"}
{"level":"info","message":"bidding cron job executing- timestamp:Sun Nov 06 2016 21:39:14 GMT-0800 (Pacific Standard Time)","timestamp":"2016-11-07T05:39:14.558Z"}
{"level":"info","message":"bidding cron job executing- timestamp:Sun Nov 06 2016 21:39:24 GMT-0800 (Pacific Standard Time)","timestamp":"2016-11-07T05:39:24.575Z"}
{"level":"info","message":"bidding cron job executing- timestamp:Sun Nov 06 2016 21:39:34 GMT-0800 (Pacific Standard Time)","timestamp":"2016-11-07T05:39:34.586Z"}
{"level":"info","message":"bidding cron job executing- timestamp:Sun Nov 06 2016 21:39:44 GMT-0800 (Pacific Standard Time)","timestamp":"2016-11-07T05:39:44.602Z"}
{"level":"info","message":"bidding cron job executing- timestamp:Thu Nov 10 2016 21:40:34 GMT-0800 (Pacific Standard Time)","timestamp":"2016-11-11T05:40:34.076Z"}
{"level":"info","message":"bidding cron job executing- timestamp:Thu Nov 10 2016 21:40:51 GMT-0800 (Pacific Standard Time)","timestamp":"2016-11-11T05:40:51.367Z"}
{"level":"info","message":"bidding cron job executing- timestamp:Thu Nov 10 2016 21:41:01 GMT-0800 (Pacific Standard Time)","timestamp":"2016-11-11T05:41:01.399Z"}
{"level":"info","message":"bidding cron job executing- timestamp:Thu Nov 17 2016 21:41:40 GMT-0800 (Pacific Standard Time)","timestamp":"2016-11-18T05:41:40.812Z"}
{"level":"info","message":"bidding cron job executing- timestamp:Thu Nov 17 2016 21:42:18 GMT-0800 (Pacific Standard Time)","timestamp":"2016-11-18T05:42:18.236Z"}
{"level":"info","message":"bidding cron job executing- timestamp:Thu Nov 17 2016 21:42:28 GMT-0800 (Pacific Standard Time)","timestamp":"2016-11-18T05:42:28.250Z"}
{"level":"info","message":"bidding cron job executing- timestamp:Thu Nov 17 2016 21:42:38 GMT-0800 (Pacific Standard Time)","timestamp":"2016-11-18T05:42:38.259Z"}
{"level":"info","message":"bidding cron job executing- timestamp:Thu Nov 17 2016 21:42:48 GMT-0800 (Pacific Standard Time)","timestamp":"2016-11-18T05:42:48.262Z"}
{"level":"info","message":"bidding cron job executing- timestamp:Thu Nov 17 2016 21:42:58 GMT-0800 (Pacific Standard Time)","timestamp":"2016-11-18T05:42:58.264Z"}
{"level":"info","message":"bidding cron job executing- timestamp:Thu Nov 17 2016 21:43:08 GMT-0800 (Pacific Standard Time)","timestamp":"2016-11-18T05:43:08.277Z"}
{"level":"info","message":"bidding cron job executing- timestamp:Thu Nov 17 2016 21:43:18 GMT-0800 (Pacific Standard Time)","timestamp":"2016-11-18T05:43:18.283Z"}
{"level":"info","message":"bidding cron job executing- timestamp:Thu Nov 17 2016 21:43:28 GMT-0800 (Pacific Standard Time)","timestamp":"2016-11-18T05:43:28.286Z"}
{"level":"info","message":"bidding cron job executing- timestamp:Mon Nov 21 2016 21:43:47 GMT-0800 (Pacific Standard Time)","timestamp":"2016-11-22T05:43:47.111Z"}
{"level":"info","message":"Bid Ended Winner is-sagar.mane@sjsu.edu timestamp:Mon Nov 21 2016 21:43:47 GMT-0800 (Pacific Standard Time)","timestamp":"2016-11-22T05:43:47.131Z"}
{"level":"info","message":"bidding cron job executing- timestamp:Mon Nov 21 2016 21:49:13 GMT-0800 (Pacific Standard Time)","timestamp":"2016-11-22T05:49:13.546Z"}
{"level":"info","message":"bidding cron job executing- timestamp:Mon Nov 21 2016 21:49:23 GMT-0800 (Pacific Standard Time)","timestamp":"2016-11-22T05:49:23.560Z"}
{"level":"info","message":"bidding cron job executing- timestamp:Mon Nov 21 2016 21:49:33 GMT-0800 (Pacific Standard Time)","timestamp":"2016-11-22T05:49:33.564Z"}
{"level":"info","message":"bidding cron job executing- timestamp:Mon Nov 21 2016 21:49:43 GMT-0800 (Pacific Standard Time)","timestamp":"2016-11-22T05:49:43.567Z"}
{"level":"info","message":"bidding cron job executing- timestamp:Mon Nov 21 2016 21:49:53 GMT-0800 (Pacific Standard Time)","timestamp":"2016-11-22T05:49:53.569Z"}
