{"level":"info","message":"User Viewing Products-aditya@gmail.com timestamp:Sun Nov 06 2016 21:18:56 GMT-0800 (Pacific Standard Time)","timestamp":"2016-11-07T05:18:56.606Z"}
{"level":"info","message":"User placing advertisements for Product-aditya@gmail.com timestamp:Sun Nov 06 2016 21:19:17 GMT-0800 (Pacific Standard Time)","timestamp":"2016-11-07T05:19:17.128Z"}
{"level":"info","message":"User Viewing Products-aditya@gmail.com timestamp:Sun Nov 06 2016 21:19:21 GMT-0800 (Pacific Standard Time)","timestamp":"2016-11-07T05:19:21.709Z"}
{"level":"info","message":"User adding products to the cart-aditya@gmail.com timestamp:Sun Nov 06 2016 21:19:22 GMT-0800 (Pacific Standard Time)","timestamp":"2016-11-07T05:19:22.763Z"}
{"level":"info","message":"Users cart-aditya@gmail.com timestamp:Sun Nov 06 2016 21:19:25 GMT-0800 (Pacific Standard Time)","timestamp":"2016-11-07T05:19:25.410Z"}
{"level":"info","message":"User Viewing Products-aditya@gmail.com timestamp:Sun Nov 06 2016 21:19:28 GMT-0800 (Pacific Standard Time)","timestamp":"2016-11-07T05:19:28.211Z"}
{"level":"info","message":"User placing advertisements for Product-aditya@gmail.com timestamp:Sun Nov 06 2016 21:19:43 GMT-0800 (Pacific Standard Time)","timestamp":"2016-11-07T05:19:43.801Z"}
{"level":"info","message":"User Viewing Products-aditya@gmail.com timestamp:Sun Nov 06 2016 21:19:45 GMT-0800 (Pacific Standard Time)","timestamp":"2016-11-07T05:19:45.381Z"}
{"level":"info","message":"User placing bids for Product-aditya@gmail.com timestamp:Sun Nov 06 2016 21:19:49 GMT-0800 (Pacific Standard Time)","timestamp":"2016-11-07T05:19:49.703Z"}
{"level":"info","message":"Users cart-aditya@gmail.com timestamp:Sun Nov 06 2016 21:19:52 GMT-0800 (Pacific Standard Time)","timestamp":"2016-11-07T05:19:52.576Z"}
{"level":"info","message":"User buying products on checkout page-aditya@gmail.com timestamp:Sun Nov 06 2016 21:20:05 GMT-0800 (Pacific Standard Time)","timestamp":"2016-11-07T05:20:05.205Z"}
{"level":"info","message":"User Viewing Products-sagar.mane@sjsu.edu timestamp:Sun Nov 06 2016 21:21:29 GMT-0800 (Pacific Standard Time)","timestamp":"2016-11-07T05:21:29.668Z"}
{"level":"info","message":"User Viewing Products-sagar.mane@sjsu.edu timestamp:Sun Nov 06 2016 21:21:30 GMT-0800 (Pacific Standard Time)","timestamp":"2016-11-07T05:21:30.663Z"}
{"level":"info","message":"User Viewing Products-sagar.mane@sjsu.edu timestamp:Sun Nov 06 2016 21:21:31 GMT-0800 (Pacific Standard Time)","timestamp":"2016-11-07T05:21:31.464Z"}
{"level":"info","message":"User placing advertisements for Product-sagar.mane@sjsu.edu timestamp:Sun Nov 06 2016 21:21:44 GMT-0800 (Pacific Standard Time)","timestamp":"2016-11-07T05:21:44.928Z"}
{"level":"info","message":"Users cart-sagar.mane@sjsu.edu timestamp:Sun Nov 06 2016 21:21:47 GMT-0800 (Pacific Standard Time)","timestamp":"2016-11-07T05:21:47.137Z"}
{"level":"info","message":"Users cart-sagar.mane@sjsu.edu timestamp:Sun Nov 06 2016 21:21:48 GMT-0800 (Pacific Standard Time)","timestamp":"2016-11-07T05:21:48.395Z"}
{"level":"info","message":"User Viewing Products-sagar.mane@sjsu.edu timestamp:Sun Nov 06 2016 21:21:50 GMT-0800 (Pacific Standard Time)","timestamp":"2016-11-07T05:21:50.235Z"}
{"level":"info","message":"User Viewing Products-sagar.mane@sjsu.edu timestamp:Sun Nov 06 2016 21:22:01 GMT-0800 (Pacific Standard Time)","timestamp":"2016-11-07T05:22:01.067Z"}
{"level":"info","message":"User adding products to the cart-sagar.mane@sjsu.edu timestamp:Sun Nov 06 2016 21:22:02 GMT-0800 (Pacific Standard Time)","timestamp":"2016-11-07T05:22:02.609Z"}
{"level":"info","message":"Users cart-sagar.mane@sjsu.edu timestamp:Sun Nov 06 2016 21:22:04 GMT-0800 (Pacific Standard Time)","timestamp":"2016-11-07T05:22:04.540Z"}
{"level":"info","message":"User Viewing Products-sagar.mane@sjsu.edu timestamp:Sun Nov 06 2016 21:22:08 GMT-0800 (Pacific Standard Time)","timestamp":"2016-11-07T05:22:08.483Z"}
{"level":"info","message":"User Viewing Products-sagar.mane@sjsu.edu timestamp:Sun Nov 06 2016 21:22:10 GMT-0800 (Pacific Standard Time)","timestamp":"2016-11-07T05:22:10.269Z"}
{"level":"info","message":"User Viewing Products-sagar.mane@sjsu.edu timestamp:Sun Nov 06 2016 21:22:12 GMT-0800 (Pacific Standard Time)","timestamp":"2016-11-07T05:22:12.014Z"}
{"level":"info","message":"User Viewing Products-sagar.mane@sjsu.edu timestamp:Sun Nov 06 2016 21:22:13 GMT-0800 (Pacific Standard Time)","timestamp":"2016-11-07T05:22:13.756Z"}
{"level":"info","message":"User Viewing Products-sagar.mane@sjsu.edu timestamp:Sun Nov 06 2016 21:22:15 GMT-0800 (Pacific Standard Time)","timestamp":"2016-11-07T05:22:15.314Z"}
{"level":"info","message":"Users cart-sagar.mane@sjsu.edu timestamp:Sun Nov 06 2016 21:22:16 GMT-0800 (Pacific Standard Time)","timestamp":"2016-11-07T05:22:16.260Z"}
{"level":"info","message":"Users cart-sagar.mane@sjsu.edu timestamp:Sun Nov 06 2016 21:22:17 GMT-0800 (Pacific Standard Time)","timestamp":"2016-11-07T05:22:17.348Z"}
{"level":"info","message":"User Viewing Products-sagar.mane@sjsu.edu timestamp:Sun Nov 06 2016 21:22:18 GMT-0800 (Pacific Standard Time)","timestamp":"2016-11-07T05:22:18.698Z"}
{"level":"info","message":"Users cart-sagar.mane@sjsu.edu timestamp:Sun Nov 06 2016 21:22:19 GMT-0800 (Pacific Standard Time)","timestamp":"2016-11-07T05:22:19.822Z"}
{"level":"info","message":"Users cart-sagar.mane@sjsu.edu timestamp:Sun Nov 06 2016 21:22:21 GMT-0800 (Pacific Standard Time)","timestamp":"2016-11-07T05:22:21.789Z"}
{"level":"info","message":"Users cart-sagar.mane@sjsu.edu timestamp:Sun Nov 06 2016 21:22:22 GMT-0800 (Pacific Standard Time)","timestamp":"2016-11-07T05:22:22.479Z"}
{"level":"info","message":"Users cart-sagar.mane@sjsu.edu timestamp:Sun Nov 06 2016 21:22:23 GMT-0800 (Pacific Standard Time)","timestamp":"2016-11-07T05:22:23.136Z"}
{"level":"info","message":"User Viewing Products-sagar.mane@sjsu.edu timestamp:Sun Nov 06 2016 21:22:24 GMT-0800 (Pacific Standard Time)","timestamp":"2016-11-07T05:22:24.652Z"}
{"level":"info","message":"Users cart-sagar.mane@sjsu.edu timestamp:Sun Nov 06 2016 21:22:25 GMT-0800 (Pacific Standard Time)","timestamp":"2016-11-07T05:22:25.838Z"}
{"level":"info","message":"User buying products on checkout page-sagar.mane@sjsu.edu timestamp:Sun Nov 06 2016 21:22:35 GMT-0800 (Pacific Standard Time)","timestamp":"2016-11-07T05:22:35.105Z"}
{"level":"info","message":"bidding cron job executing- timestamp:Sun Nov 06 2016 21:25:14 GMT-0800 (Pacific Standard Time)","timestamp":"2016-11-07T05:25:14.474Z"}
{"level":"info","message":"User Viewing Products-aditya@gmail.com timestamp:Sun Nov 06 2016 21:25:57 GMT-0800 (Pacific Standard Time)","timestamp":"2016-11-07T05:25:57.460Z"}
{"level":"info","message":"bidding cron job executing- timestamp:Sun Nov 06 2016 21:25:59 GMT-0800 (Pacific Standard Time)","timestamp":"2016-11-07T05:25:59.088Z"}
{"level":"info","message":"User Viewing Products-aditya@gmail.com timestamp:Sun Nov 06 2016 21:27:14 GMT-0800 (Pacific Standard Time)","timestamp":"2016-11-07T05:27:14.590Z"}
{"level":"info","message":"User placing advertisements for Product-aditya@gmail.com timestamp:Sun Nov 06 2016 21:27:28 GMT-0800 (Pacific Standard Time)","timestamp":"2016-11-07T05:27:28.341Z"}
{"level":"info","message":"User Viewing Products-sagar.mane@sjsu.edu timestamp:Sun Nov 06 2016 21:27:43 GMT-0800 (Pacific Standard Time)","timestamp":"2016-11-07T05:27:43.779Z"}
{"level":"info","message":"User placing bids for Product-sagar.mane@sjsu.edu timestamp:Sun Nov 06 2016 21:27:48 GMT-0800 (Pacific Standard Time)","timestamp":"2016-11-07T05:27:48.847Z"}
{"level":"info","message":"bidding cron job executing- timestamp:Sun Nov 06 2016 21:28:20 GMT-0800 (Pacific Standard Time)","timestamp":"2016-11-07T05:28:20.280Z"}
{"level":"info","message":"User Viewing Products-sagar.mane@sjsu.edu timestamp:Sun Nov 06 2016 21:28:20 GMT-0800 (Pacific Standard Time)","timestamp":"2016-11-07T05:28:20.877Z"}
{"level":"info","message":"bidding cron job executing- timestamp:Sun Nov 06 2016 21:28:30 GMT-0800 (Pacific Standard Time)","timestamp":"2016-11-07T05:28:30.295Z"}
{"level":"info","message":"bidding cron job executing- timestamp:Sun Nov 06 2016 21:28:40 GMT-0800 (Pacific Standard Time)","timestamp":"2016-11-07T05:28:40.304Z"}
{"level":"info","message":"bidding cron job executing- timestamp:Thu Nov 10 2016 21:29:33 GMT-0800 (Pacific Standard Time)","timestamp":"2016-11-11T05:29:33.571Z"}
{"level":"info","message":"User Viewing Products-aditya@gmail.com timestamp:Thu Nov 17 2016 21:42:21 GMT-0800 (Pacific Standard Time)","timestamp":"2016-11-18T05:42:21.304Z"}
{"level":"info","message":"User placing advertisements for Product-aditya@gmail.com timestamp:Thu Nov 17 2016 21:42:33 GMT-0800 (Pacific Standard Time)","timestamp":"2016-11-18T05:42:33.057Z"}
{"level":"info","message":"User Viewing Products-aditya@gmail.com timestamp:Thu Nov 17 2016 21:42:34 GMT-0800 (Pacific Standard Time)","timestamp":"2016-11-18T05:42:34.426Z"}
{"level":"info","message":"User Viewing Products-sagar.mane@sjsu.edu timestamp:Thu Nov 17 2016 21:42:55 GMT-0800 (Pacific Standard Time)","timestamp":"2016-11-18T05:42:55.509Z"}
{"level":"info","message":"User placing bids for Product-sagar.mane@sjsu.edu timestamp:Thu Nov 17 2016 21:42:59 GMT-0800 (Pacific Standard Time)","timestamp":"2016-11-18T05:42:59.197Z"}
{"level":"info","message":"User Viewing Products-aditya@gmail.com timestamp:Mon Nov 21 2016 21:49:42 GMT-0800 (Pacific Standard Time)","timestamp":"2016-11-22T05:49:42.345Z"}
